0 verbose cli /usr/bin/node /usr/bin/npm
1 info using npm@8.19.4
2 info using node@v16.20.2
3 timing npm:load:whichnode Completed in 1ms
4 timing config:load:defaults Completed in 4ms
5 timing config:load:file:/usr/lib/node_modules/npm/npmrc Completed in 1ms
6 timing config:load:builtin Completed in 1ms
7 timing config:load:cli Completed in 2ms
8 timing config:load:env Completed in 0ms
9 timing config:load:project Completed in 19ms
10 timing config:load:file:/home/ubuntu/.npmrc Completed in 0ms
11 timing config:load:user Completed in 0ms
12 timing config:load:file:/usr/etc/npmrc Completed in 0ms
13 timing config:load:global Completed in 0ms
14 timing config:load:validate Completed in 0ms
15 timing config:load:credentials Completed in 11ms
16 timing config:load:setEnvs Completed in 1ms
17 timing config:load Completed in 39ms
18 timing npm:load:configload Completed in 39ms
19 timing npm:load:mkdirpcache Completed in 1ms
20 timing npm:load:mkdirplogs Completed in 0ms
21 verbose title npm install ngrok
22 verbose argv "install" "--global" "ngrok"
23 timing npm:load:setTitle Completed in 1ms
24 timing config:load:flatten Completed in 2ms
25 timing npm:load:display Completed in 4ms
26 verbose logfile logs-max:10 dir:/home/ubuntu/.npm/_logs
27 verbose logfile /home/ubuntu/.npm/_logs/2023-10-06T06_06_26_202Z-debug-0.log
28 timing npm:load:logFile Completed in 3ms
29 timing npm:load:timers Completed in 0ms
30 timing npm:load:configScope Completed in 0ms
31 timing npm:load Completed in 50ms
32 timing arborist:ctor Completed in 1ms
33 silly logfile done cleaning log files
34 timing idealTree:init Completed in 4ms
35 timing idealTree:userRequests Completed in 1ms
36 silly idealTree buildDeps
37 silly fetch manifest ngrok@*
38 http fetch GET 200 https://registry.npmjs.org/npm 170ms (cache miss)
39 http fetch GET 200 https://registry.npmjs.org/ngrok 229ms (cache miss)
40 silly placeDep ROOT ngrok@5.0.0-beta.2 OK for:  want: *
41 silly fetch manifest extract-zip@^2.0.1
42 silly fetch manifest got@^11.8.5
43 silly fetch manifest lodash.clonedeep@^4.5.0
44 silly fetch manifest uuid@^7.0.0 || ^8.0.0
45 silly fetch manifest yaml@^2.2.2
46 silly fetch manifest hpagent@^0.1.2
47 http fetch GET 200 https://registry.npmjs.org/extract-zip 41ms (cache miss)
48 http fetch GET 200 https://registry.npmjs.org/got 41ms (cache miss)
49 http fetch GET 200 https://registry.npmjs.org/lodash.clonedeep 74ms (cache miss)
50 http fetch GET 200 https://registry.npmjs.org/uuid 77ms (cache miss)
51 http fetch GET 200 https://registry.npmjs.org/yaml 79ms (cache miss)
52 http fetch GET 200 https://registry.npmjs.org/hpagent 98ms (cache miss)
53 timing idealTree:#root Completed in 340ms
54 silly placeDep node_modules/ngrok extract-zip@2.0.1 OK for: ngrok@5.0.0-beta.2 want: ^2.0.1
55 silly placeDep node_modules/ngrok got@11.8.6 OK for: ngrok@5.0.0-beta.2 want: ^11.8.5
56 silly placeDep node_modules/ngrok hpagent@0.1.2 OK for: ngrok@5.0.0-beta.2 want: ^0.1.2
57 silly placeDep node_modules/ngrok lodash.clonedeep@4.5.0 OK for: ngrok@5.0.0-beta.2 want: ^4.5.0
58 silly placeDep node_modules/ngrok uuid@8.3.2 OK for: ngrok@5.0.0-beta.2 want: ^7.0.0 || ^8.0.0
59 silly placeDep node_modules/ngrok yaml@2.3.2 OK for: ngrok@5.0.0-beta.2 want: ^2.2.2
60 silly fetch manifest debug@^4.1.1
61 silly fetch manifest get-stream@^5.1.0
62 silly fetch manifest yauzl@^2.10.0
63 silly fetch manifest @types/yauzl@^2.9.1
64 silly fetch manifest @sindresorhus/is@^4.0.0
65 silly fetch manifest @szmarczak/http-timer@^4.0.5
66 silly fetch manifest @types/cacheable-request@^6.0.1
67 silly fetch manifest @types/responselike@^1.0.0
68 silly fetch manifest cacheable-lookup@^5.0.3
69 silly fetch manifest cacheable-request@^7.0.2
70 silly fetch manifest decompress-response@^6.0.0
71 silly fetch manifest http2-wrapper@^1.0.0-beta.5.2
72 silly fetch manifest lowercase-keys@^2.0.0
73 silly fetch manifest p-cancelable@^2.0.0
74 silly fetch manifest responselike@^2.0.0
75 http fetch GET 200 https://registry.npmjs.org/get-stream 35ms (cache miss)
76 http fetch GET 200 https://registry.npmjs.org/yauzl 40ms (cache miss)
77 http fetch GET 200 https://registry.npmjs.org/@types%2fyauzl 41ms (cache miss)
78 http fetch GET 200 https://registry.npmjs.org/lowercase-keys 69ms (cache miss)
79 http fetch GET 200 https://registry.npmjs.org/@types%2fcacheable-request 75ms (cache miss)
80 http fetch GET 200 https://registry.npmjs.org/@types%2fresponselike 75ms (cache miss)
81 http fetch GET 200 https://registry.npmjs.org/responselike 73ms (cache miss)
82 http fetch GET 200 https://registry.npmjs.org/p-cancelable 74ms (cache miss)
83 http fetch GET 200 https://registry.npmjs.org/@sindresorhus%2fis 78ms (cache miss)
84 http fetch GET 200 https://registry.npmjs.org/debug 86ms (cache miss)
85 http fetch GET 200 https://registry.npmjs.org/cacheable-lookup 83ms (cache miss)
86 http fetch GET 200 https://registry.npmjs.org/cacheable-request 84ms (cache miss)
87 http fetch GET 200 https://registry.npmjs.org/@szmarczak%2fhttp-timer 417ms (cache miss)
88 http fetch GET 200 https://registry.npmjs.org/http2-wrapper 697ms (cache miss)
89 http fetch GET 200 https://registry.npmjs.org/decompress-response 783ms (cache miss)
90 timing idealTree:node_modules/ngrok Completed in 799ms
91 silly placeDep node_modules/ngrok @types/yauzl@2.10.1 OK for: extract-zip@2.0.1 want: ^2.9.1
92 silly placeDep node_modules/ngrok debug@4.3.4 OK for: extract-zip@2.0.1 want: ^4.1.1
93 silly placeDep node_modules/ngrok get-stream@5.2.0 OK for: extract-zip@2.0.1 want: ^5.1.0
94 silly placeDep node_modules/ngrok yauzl@2.10.0 OK for: extract-zip@2.0.1 want: ^2.10.0
95 silly fetch manifest @types/node@*
96 silly fetch manifest ms@2.1.2
97 silly fetch manifest pump@^3.0.0
98 silly fetch manifest fd-slicer@~1.1.0
99 silly fetch manifest buffer-crc32@~0.2.3
100 http fetch GET 200 https://registry.npmjs.org/ms 28ms (cache miss)
101 http fetch GET 200 https://registry.npmjs.org/fd-slicer 37ms (cache miss)
102 http fetch GET 200 https://registry.npmjs.org/buffer-crc32 39ms (cache miss)
103 http fetch GET 200 https://registry.npmjs.org/@types%2fnode 79ms (cache miss)
104 http fetch GET 200 https://registry.npmjs.org/pump 188ms (cache miss)
105 timing idealTree:node_modules/ngrok/node_modules/extract-zip Completed in 195ms
106 silly placeDep node_modules/ngrok @types/node@20.8.2 OK for: @types/yauzl@2.10.1 want: *
107 timing idealTree:node_modules/ngrok/node_modules/@types/yauzl Completed in 1ms
108 timing idealTree:node_modules/ngrok/node_modules/@types/node Completed in 0ms
109 silly placeDep node_modules/ngrok ms@2.1.2 OK for: debug@4.3.4 want: 2.1.2
110 timing idealTree:node_modules/ngrok/node_modules/debug Completed in 2ms
111 silly placeDep node_modules/ngrok pump@3.0.0 OK for: get-stream@5.2.0 want: ^3.0.0
112 silly fetch manifest end-of-stream@^1.1.0
113 silly fetch manifest once@^1.3.1
114 http fetch GET 200 https://registry.npmjs.org/end-of-stream 25ms (cache miss)
115 http fetch GET 200 https://registry.npmjs.org/once 25ms (cache miss)
116 timing idealTree:node_modules/ngrok/node_modules/get-stream Completed in 27ms
117 silly placeDep node_modules/ngrok @sindresorhus/is@4.6.0 OK for: got@11.8.6 want: ^4.0.0
118 silly placeDep node_modules/ngrok @szmarczak/http-timer@4.0.6 OK for: got@11.8.6 want: ^4.0.5
119 silly placeDep node_modules/ngrok @types/cacheable-request@6.0.3 OK for: got@11.8.6 want: ^6.0.1
120 silly placeDep node_modules/ngrok @types/responselike@1.0.1 OK for: got@11.8.6 want: ^1.0.0
121 silly placeDep node_modules/ngrok cacheable-lookup@5.0.4 OK for: got@11.8.6 want: ^5.0.3
122 silly placeDep node_modules/ngrok cacheable-request@7.0.4 OK for: got@11.8.6 want: ^7.0.2
123 silly placeDep node_modules/ngrok decompress-response@6.0.0 OK for: got@11.8.6 want: ^6.0.0
124 silly placeDep node_modules/ngrok http2-wrapper@1.0.3 OK for: got@11.8.6 want: ^1.0.0-beta.5.2
125 silly placeDep node_modules/ngrok lowercase-keys@2.0.0 OK for: got@11.8.6 want: ^2.0.0
126 silly placeDep node_modules/ngrok p-cancelable@2.1.1 OK for: got@11.8.6 want: ^2.0.0
127 silly placeDep node_modules/ngrok responselike@2.0.1 OK for: got@11.8.6 want: ^2.0.0
128 silly fetch manifest defer-to-connect@^2.0.0
129 silly fetch manifest @types/http-cache-semantics@*
130 silly fetch manifest @types/keyv@^3.1.4
131 silly fetch manifest clone-response@^1.0.2
132 silly fetch manifest http-cache-semantics@^4.0.0
133 silly fetch manifest keyv@^4.0.0
134 silly fetch manifest normalize-url@^6.0.1
135 silly fetch manifest mimic-response@^3.1.0
136 silly fetch manifest quick-lru@^5.1.1
137 silly fetch manifest resolve-alpn@^1.0.0
138 http fetch GET 200 https://registry.npmjs.org/defer-to-connect 55ms (cache miss)
139 http fetch GET 200 https://registry.npmjs.org/mimic-response 52ms (cache miss)
140 http fetch GET 200 https://registry.npmjs.org/clone-response 56ms (cache miss)
141 http fetch GET 200 https://registry.npmjs.org/resolve-alpn 53ms (cache miss)
142 http fetch GET 200 https://registry.npmjs.org/http-cache-semantics 57ms (cache miss)
143 http fetch GET 200 https://registry.npmjs.org/quick-lru 55ms (cache miss)
144 http fetch GET 200 https://registry.npmjs.org/@types%2fkeyv 60ms (cache miss)
145 http fetch GET 200 https://registry.npmjs.org/normalize-url 59ms (cache miss)
146 http fetch GET 200 https://registry.npmjs.org/keyv 61ms (cache miss)
147 http fetch GET 200 https://registry.npmjs.org/@types%2fhttp-cache-semantics 1367ms (cache miss)
148 timing idealTree:node_modules/ngrok/node_modules/got Completed in 1380ms
149 timing idealTree:node_modules/ngrok/node_modules/@sindresorhus/is Completed in 0ms
150 silly placeDep node_modules/ngrok defer-to-connect@2.0.1 OK for: @szmarczak/http-timer@4.0.6 want: ^2.0.0
151 timing idealTree:node_modules/ngrok/node_modules/@szmarczak/http-timer Completed in 1ms
152 silly placeDep node_modules/ngrok @types/http-cache-semantics@4.0.2 OK for: @types/cacheable-request@6.0.3 want: *
153 silly placeDep node_modules/ngrok @types/keyv@3.1.4 OK for: @types/cacheable-request@6.0.3 want: ^3.1.4
154 timing idealTree:node_modules/ngrok/node_modules/@types/cacheable-request Completed in 6ms
155 timing idealTree:node_modules/ngrok/node_modules/@types/http-cache-semantics Completed in 0ms
156 timing idealTree:node_modules/ngrok/node_modules/@types/keyv Completed in 0ms
157 timing idealTree:node_modules/ngrok/node_modules/@types/responselike Completed in 0ms
158 timing idealTree:node_modules/ngrok/node_modules/cacheable-lookup Completed in 0ms
159 silly placeDep node_modules/ngrok clone-response@1.0.3 OK for: cacheable-request@7.0.4 want: ^1.0.2
160 silly placeDep node_modules/ngrok http-cache-semantics@4.1.1 OK for: cacheable-request@7.0.4 want: ^4.0.0
161 silly placeDep node_modules/ngrok keyv@4.5.3 OK for: cacheable-request@7.0.4 want: ^4.0.0
162 silly placeDep node_modules/ngrok normalize-url@6.1.0 OK for: cacheable-request@7.0.4 want: ^6.0.1
163 silly fetch manifest mimic-response@^1.0.0
164 silly fetch manifest json-buffer@3.0.1
165 http fetch GET 200 https://registry.npmjs.org/json-buffer 23ms (cache miss)
166 timing idealTree:node_modules/ngrok/node_modules/cacheable-request Completed in 34ms
167 silly placeDep node_modules/ngrok mimic-response@1.0.1 OK for: clone-response@1.0.3 want: ^1.0.0
168 timing idealTree:node_modules/ngrok/node_modules/clone-response Completed in 1ms
169 silly placeDep node_modules/ngrok/node_modules/decompress-response mimic-response@3.1.0 OK for: decompress-response@6.0.0 want: ^3.1.0
170 timing idealTree:node_modules/ngrok/node_modules/decompress-response Completed in 2ms
171 timing idealTree:node_modules/ngrok/node_modules/defer-to-connect Completed in 0ms
172 timing idealTree:node_modules/ngrok/node_modules/hpagent Completed in 0ms
173 timing idealTree:node_modules/ngrok/node_modules/http-cache-semantics Completed in 0ms
174 silly placeDep node_modules/ngrok quick-lru@5.1.1 OK for: http2-wrapper@1.0.3 want: ^5.1.1
175 silly placeDep node_modules/ngrok resolve-alpn@1.2.1 OK for: http2-wrapper@1.0.3 want: ^1.0.0
176 timing idealTree:node_modules/ngrok/node_modules/http2-wrapper Completed in 2ms
177 silly placeDep node_modules/ngrok json-buffer@3.0.1 OK for: keyv@4.5.3 want: 3.0.1
178 timing idealTree:node_modules/ngrok/node_modules/keyv Completed in 1ms
179 timing idealTree:node_modules/ngrok/node_modules/json-buffer Completed in 0ms
180 timing idealTree:node_modules/ngrok/node_modules/lodash.clonedeep Completed in 0ms
181 timing idealTree:node_modules/ngrok/node_modules/lowercase-keys Completed in 0ms
182 timing idealTree:node_modules/ngrok/node_modules/mimic-response Completed in 0ms
183 timing idealTree:node_modules/ngrok/node_modules/ms Completed in 0ms
184 timing idealTree:node_modules/ngrok/node_modules/normalize-url Completed in 0ms
185 timing idealTree:node_modules/ngrok/node_modules/p-cancelable Completed in 0ms
186 silly placeDep node_modules/ngrok end-of-stream@1.4.4 OK for: pump@3.0.0 want: ^1.1.0
187 silly placeDep node_modules/ngrok once@1.4.0 OK for: pump@3.0.0 want: ^1.3.1
188 silly fetch manifest wrappy@1
189 http fetch GET 200 https://registry.npmjs.org/wrappy 24ms (cache miss)
190 timing idealTree:node_modules/ngrok/node_modules/pump Completed in 27ms
191 timing idealTree:node_modules/ngrok/node_modules/end-of-stream Completed in 0ms
192 silly placeDep node_modules/ngrok wrappy@1.0.2 OK for: once@1.4.0 want: 1
193 timing idealTree:node_modules/ngrok/node_modules/once Completed in 1ms
194 timing idealTree:node_modules/ngrok/node_modules/quick-lru Completed in 0ms
195 timing idealTree:node_modules/ngrok/node_modules/resolve-alpn Completed in 0ms
196 timing idealTree:node_modules/ngrok/node_modules/responselike Completed in 0ms
197 timing idealTree:node_modules/ngrok/node_modules/uuid Completed in 0ms
198 timing idealTree:node_modules/ngrok/node_modules/wrappy Completed in 0ms
199 timing idealTree:node_modules/ngrok/node_modules/yaml Completed in 0ms
200 silly placeDep node_modules/ngrok buffer-crc32@0.2.13 OK for: yauzl@2.10.0 want: ~0.2.3
201 silly placeDep node_modules/ngrok fd-slicer@1.1.0 OK for: yauzl@2.10.0 want: ~1.1.0
202 silly fetch manifest pend@~1.2.0
203 http fetch GET 200 https://registry.npmjs.org/pend 30ms (cache miss)
204 timing idealTree:node_modules/ngrok/node_modules/yauzl Completed in 33ms
205 timing idealTree:node_modules/ngrok/node_modules/buffer-crc32 Completed in 0ms
206 silly placeDep node_modules/ngrok pend@1.2.0 OK for: fd-slicer@1.1.0 want: ~1.2.0
207 timing idealTree:node_modules/ngrok/node_modules/fd-slicer Completed in 1ms
208 timing idealTree:node_modules/ngrok/node_modules/pend Completed in 0ms
209 timing idealTree:node_modules/ngrok/node_modules/decompress-response/node_modules/mimic-response Completed in 0ms
210 timing idealTree:buildDeps Completed in 2857ms
211 timing idealTree:fixDepFlags Completed in 1ms
212 timing idealTree Completed in 2864ms
213 timing reify:loadTrees Completed in 2865ms
214 timing reify:diffTrees Completed in 2ms
215 silly reify moves {}
216 timing reify:retireShallow Completed in 0ms
217 timing reify:rollback:createSparse Completed in 0ms
218 timing reify:rollback:retireShallow Completed in 0ms
219 timing command:install Completed in 2938ms
220 notice
220 notice New [31mmajor[39m version of npm available! [31m8.19.4[39m -> [32m10.2.0[39m
220 notice Changelog: [36mhttps://github.com/npm/cli/releases/tag/v10.2.0[39m
220 notice Run [32mnpm install -g npm@10.2.0[39m to update!
220 notice
221 verbose stack Error: EACCES: permission denied, mkdir '/usr/lib/node_modules/ngrok'
222 verbose cwd /home/ubuntu
223 verbose Linux 5.4.0-155-generic
224 verbose node v16.20.2
225 verbose npm  v8.19.4
226 error code EACCES
227 error syscall mkdir
228 error path /usr/lib/node_modules/ngrok
229 error errno -13
230 error [Error: EACCES: permission denied, mkdir '/usr/lib/node_modules/ngrok'] {
230 error   errno: -13,
230 error   code: 'EACCES',
230 error   syscall: 'mkdir',
230 error   path: '/usr/lib/node_modules/ngrok'
230 error }
231 error
231 error The operation was rejected by your operating system.
231 error It is likely you do not have the permissions to access this file as the current user
231 error
231 error If you believe this might be a permissions issue, please double-check the
231 error permissions of the file and its containing directories, or try running
231 error the command again as root/Administrator.
232 verbose exit -13
233 timing npm Completed in 3056ms
234 verbose unfinished npm timer reify 1696572386317
235 verbose unfinished npm timer reify:createSparse 1696572389245
236 verbose code -13
237 error A complete log of this run can be found in:
237 error     /home/ubuntu/.npm/_logs/2023-10-06T06_06_26_202Z-debug-0.log
